<?xml version="1.0" encoding="UTF-8"?>
<testng-results ignored="0" total="1" passed="1" failed="0" skipped="0">
  <reporter-output>
  </reporter-output>
  <suite started-at="2020-07-28T14:59:39 BST" name="inetBankingv1" finished-at="2020-07-28T15:01:41 BST" duration-ms="122147">
    <groups>
    </groups>
    <test started-at="2020-07-28T14:59:39 BST" name="BankingApp Test" finished-at="2020-07-28T15:01:41 BST" duration-ms="122147">
      <class name="com.inetBanking.testCases.TC_AddCustomerTest_003">
        <test-method is-config="true" signature="setup(java.lang.String)[pri:0, instance:com.inetBanking.testCases.TC_AddCustomerTest_003@6ce139a4]" started-at="2020-07-28T14:59:45 BST" name="setup" finished-at="2020-07-28T15:00:43 BST" duration-ms="57905" status="PASS">
          <params>
            <param index="0">
              <value>
                <![CDATA[chrome]]>
              </value>
            </param>
          </params>
          <reporter-output>
          </reporter-output>
        </test-method> <!-- setup -->
        <test-method signature="addNewCustomer()[pri:0, instance:com.inetBanking.testCases.TC_AddCustomerTest_003@6ce139a4]" started-at="2020-07-28T15:00:43 BST" name="addNewCustomer" finished-at="2020-07-28T15:01:36 BST" duration-ms="53052" status="PASS">
          <reporter-output>
          </reporter-output>
        </test-method> <!-- addNewCustomer -->
        <test-method is-config="true" signature="tearDown()[pri:0, instance:com.inetBanking.testCases.TC_AddCustomerTest_003@6ce139a4]" started-at="2020-07-28T15:01:37 BST" name="tearDown" finished-at="2020-07-28T15:01:41 BST" duration-ms="4092" status="PASS">
          <reporter-output>
          </reporter-output>
        </test-method> <!-- tearDown -->
      </class> <!-- com.inetBanking.testCases.TC_AddCustomerTest_003 -->
    </test> <!-- BankingApp Test -->
  </suite> <!-- inetBankingv1 -->
</testng-results>
