<?xml version="1.0" encoding="UTF-8"?>
<testsuite xmlns:xsi="http://www.w3.org/2001/XMLSchema-instance" xsi:noNamespaceSchemaLocation="https://maven.apache.org/surefire/maven-surefire-plugin/xsd/surefire-test-report-3.0.xsd" version="3.0" name="TestSuite" time="131.99" tests="1" errors="0" skipped="0" failures="0">
  <properties>
[...]
</properties>
  <testcase name="addNewCustomer" classname="com.inetBanking.testCases.TC_AddCustomerTest_003" time="53.304">
    <system-out><![CDATA[[main] INFO  TC_LoginDDT_002  - Username entered
[main] INFO  TC_LoginDDT_002  - Passwowd entered
[main] INFO  TC_LoginDDT_002  - Entering customer details...
[main] INFO  TC_LoginDDT_002  - Validation started....
[main] INFO  TC_LoginDDT_002  - Test case passed....
]]></system-out>
    <system-err><![CDATA[Starting ChromeDriver 83.0.4103.39 (ccbf011cb2d2b19b506d844400483861342c20cd-refs/branch-heads/4103@{#416}) on port 42846
Only local connections are allowed.
Please see https://chromedriver.chromium.org/security-considerations for suggestions on keeping ChromeDriver safe.
ChromeDriver was started successfully.
[1595944821.811][WARNING]: This version of ChromeDriver has not been tested with Chrome version 84.
Jul 28, 2020 3:00:30 PM org.openqa.selenium.remote.ProtocolHandshake createSession
INFO: Detected dialect: W3C
]]></system-err>
  </testcase>
</testsuite>