<?xml version="1.0" encoding="UTF-8"?>
<testng-results ignored="0" total="1" passed="1" failed="0" skipped="0">
  <reporter-output>
  </reporter-output>
  <suite started-at="2020-07-27T22:08:53 BST" name="inetBankingv1" finished-at="2020-07-27T22:10:23 BST" duration-ms="90479">
    <groups>
    </groups>
    <test started-at="2020-07-27T22:08:53 BST" name="BankingApp Test" finished-at="2020-07-27T22:10:23 BST" duration-ms="90479">
      <class name="com.inetBanking.testCases.TC_AddCustomerTest_003">
        <test-method is-config="true" signature="setup(java.lang.String)[pri:0, instance:com.inetBanking.testCases.TC_AddCustomerTest_003@7e0b85f9]" started-at="2020-07-27T22:08:54 BST" name="setup" finished-at="2020-07-27T22:09:19 BST" duration-ms="25358" status="PASS">
          <params>
            <param index="0">
              <value>
                <![CDATA[ie]]>
              </value>
            </param>
          </params>
          <reporter-output>
          </reporter-output>
        </test-method> <!-- setup -->
        <test-method signature="addNewCustomer()[pri:0, instance:com.inetBanking.testCases.TC_AddCustomerTest_003@7e0b85f9]" started-at="2020-07-27T22:09:19 BST" name="addNewCustomer" finished-at="2020-07-27T22:10:22 BST" duration-ms="62816" status="PASS">
          <reporter-output>
          </reporter-output>
        </test-method> <!-- addNewCustomer -->
        <test-method is-config="true" signature="tearDown()[pri:0, instance:com.inetBanking.testCases.TC_AddCustomerTest_003@7e0b85f9]" started-at="2020-07-27T22:10:22 BST" name="tearDown" finished-at="2020-07-27T22:10:23 BST" duration-ms="802" status="PASS">
          <reporter-output>
          </reporter-output>
        </test-method> <!-- tearDown -->
      </class> <!-- com.inetBanking.testCases.TC_AddCustomerTest_003 -->
    </test> <!-- BankingApp Test -->
  </suite> <!-- inetBankingv1 -->
</testng-results>
